[www.peinture-delemer.fr/index.html]
[files.sbcdnsb.com/images/brand/1726143692/1/default_favicon/favicon1.png_; filename_=UTF-8''favicon1.png]
[backblue.gif]
[fade.gif]
[index.html]
[files.sbcdnsb.com/images/-Hj9i2vA5KTVqHkukb0vlA/content/1547979483/415707/1000/version_1000_cf6e87bbff04e677824520180126-3305350-1pmmxlx.jpeg_; filename_=UTF-8''version_1000_cf6e87bbff04e677]
[files.sbcdnsb.com/images/-Hj9i2vA5KTVqHkukb0vlA/content/1547979483/415707/1200/version_1200_cf6e87bbff04e677824520180126-3305350-1pmmxlx.jpeg_; filename_=UTF-8''version_1200_cf6e87bbff04e677]
[files.sbcdnsb.com/images/-Hj9i2vA5KTVqHkukb0vlA/content/1547979483/415707/2000/cf6e87bbff04e677824520180126-3305350-1pmmxlx.jpeg_; filename_=UTF-8''cf6e87bbff04e677824520180126-3305350-1pmmx]
[assets.sbcdnsb.com/assets/application-7ba6ec6d06f4b604c915814be23440d20498df8a564a5d4c0cc768a8e24d3475.css]
[assets.sbcdnsb.com/assets/app_visitor-82cec6d547a29be4f7bdee865ce0db9ba6638ba8c2904446188e968aea4cd72b.css]
[assets.sbcdnsb.com/assets/tool/visitor/elements/manifests/partner-2fe1cb830f810b883611c4a9a920bc7b0f81d0d31e2cae15a5e3a614fe69b810.css]
[assets.sbcdnsb.com/assets/tool/visitor/elements/manifests/review_display-a5697af51fbc77f2feb147794e20cede8fd19295c7488d2698bd8a68199c3a51.css]
[assets.sbcdnsb.com/assets/themes/desktop/10/css/visitor-2eb3a6dfcea0031c6c891e7e40cd85068451f0a331d41d53e06e1e7e7c4f6df3.css]
[assets.sbcdnsb.com/assets/themes/mobile/0/css/visitor-932a571d65b35bf7b1124991b7041c7dae19fb12eac3e20ed6a1391c5fe1f749.css]
[www.peinture-delemer.fr/site/-Hj9i2vA5KTVqHkukb0vlA/styles/1727106201/dynamic-styles.css]
[www.peinture-delemer.fr/styles/pages/186629/1712684021/1_containers_specific_style_1652895562_1712684021.css_; filename_=UTF-8''1_containers_specific_style_1652895562_1712684021.css]
[www.google-analytics.com/analytics.js]
[www.peinture-delemer.fr/peinture-peintre-rouen-76000.html]
[www.peinture-delemer.fr/pose-revetements-sol-parquet-moquette-lino-pvc-rouen-76000.html]
[www.peinture-delemer.fr/pose-revetements-muraux-murs-peinture-papier-paint-tissu-carrelage-rouen-76000.html]
[www.peinture-delemer.fr/pose-revetements-exterieurs-lames-terrasse-dalles-paves-briques-rouen-76000.html]
[www.peinture-delemer.fr/pose-revetements-interieur-revetements-sol-revetements-muraux-amenagement-reparation-rouen-76000.html]
[www.peinture-delemer.fr/isolation-interieure-isolation-exterieure-isolation-thermique-rouen-76000.html]
[www.peinture-delemer.fr/presentation-peinture-delemer-peinture-revetement-isolation-rouen-76000.html]
[www.peinture-delemer.fr/realisations-photos-peinture-delemer-peinture-revetement-isolation-rouen-76000.html]
[www.peinture-delemer.fr/avis-temoignages-clients-peinture-delemer-peinture-revetement-isolation-rouen-76000.html]
[www.peinture-delemer.fr/contact-devis-gratuit-peintre-rouen-76000.html]
[files.sbcdnsb.com/images/-Hj9i2vA5KTVqHkukb0vlA/content/1674896795/661053/100/version_100_27356380_149713739163017_828245572368754834_o20190120-2761094-6j40os.png_; filename_=UTF-8''version_]
[files.sbcdnsb.com/images/-Hj9i2vA5KTVqHkukb0vlA/content/1516963959/415689/400/version_400_7f5eb194b2b9383061a320180126-2827206-eonblb.png_; filename_=UTF-8''version_400_7f5eb194b2b9383061a32]
[files.sbcdnsb.com/images/-Hj9i2vA5KTVqHkukb0vlA/content/1516963959/415690/400/version_400_5d60de289ba93ecd863220180126-3305350-c7b9r9.png_; filename_=UTF-8''version_400_5d60de289ba93ecd86322]
[files.sbcdnsb.com/images/-Hj9i2vA5KTVqHkukb0vlA/content/1667914133/2775093/400/version_400_numerisation_20221108.jpeg_; filename_=UTF-8''version_400_numerisation_20221108.jpeg]
[files.sbcdnsb.com/images/-Hj9i2vA5KTVqHkukb0vlA/content/1667914589/2775111/400/version_400_numerisation_20221108__2_.jpeg_; filename_=UTF-8''version_400_numerisation_20221108__2_.jpeg]
[files.sbcdnsb.com/images/-Hj9i2vA5KTVqHkukb0vlA/content/1517570907/415703/2000/50912bf3a3f6f34c258920180126-2827206-mpt482.jpeg_; filename_=UTF-8''50912bf3a3f6f34c258920180126-2827206-mpt482]
[files.sbcdnsb.com/images/-Hj9i2vA5KTVqHkukb0vlA/content/1517570929/415705/2000/aa8fe239258a52c0bc9720180126-3305350-1r8rrhw.jpeg_; filename_=UTF-8''aa8fe239258a52c0bc9720180126-3305350-1r8rr]
[files.sbcdnsb.com/images/-Hj9i2vA5KTVqHkukb0vlA/content/1517570957/415693/2000/fc70310fd72843d728c720180126-2827216-1no9z4n.jpeg_; filename_=UTF-8''fc70310fd72843d728c720180126-2827216-1no9z]
[www.peinture-delemer.fr/plan-du-site.html]
[www.peinture-delemer.fr/mentions-legales.html]
[assets.sbcdnsb.com/assets/app_main-39e2f9d50e29bfe4dabaa681f87074584eec7bc4f6d96d8a41cbf44fda0e4bf5.js]
[assets.sbcdnsb.com/assets/app_visitor-1e0b0edc2faf4b75280e95a34e1a73095bd42a2b085f45039b439a077dcef37d.js]
[assets.sbcdnsb.com/assets/tool/visitor/elements/components/partner-e30ad5d32f4ea6cad4c2565803bbfabbbf884262a52636380afd3271d5c5b3f6.js]
[assets.sbcdnsb.com/assets/tool/visitor/elements/components/review_display-1ccc7014b2430e691682af21a0d7ab5996a14eeea3f2d1dca4993cb13d9a92f1.js]
[assets.sbcdnsb.com/assets/themes/desktop/10/js/visitor-e05bb161bcbd3b8a23796e4e4ec610952959f40adb638e7f91f69a36938fbc2b.js]
[assets.sbcdnsb.com/assets/themes/mobile/0/js/visitor-a096fdafe88698d08bc9f4fd44caafd1132e6002b074c1442c114afeb59b51a0.js]
[www.peinture-delemer.fr/index.html]
[assets.sbcdnsb.com/assets/commons/calendly-close-icon-77963382ab339573bb06b204699d4adf5ebbcbaaa51784f1d9f4b611723b42b0.svg]
[assets.sbcdnsb.com/assets/icons/font_awesome_lazyload/fa-02dae7ad41d9f692ecad39f9906f5832b627477de34e1620f440ddb9ae36563c.woff2]
[assets.sbcdnsb.com/assets/application-7ba6ec6d06f4b604c915814be23440d20498df8a564a5d4c0cc768a8e24d3475.css]
[assets.sbcdnsb.com/assets/sb_admin_framework/sb-feedback-valid-657a03234193d78c0906837f7a9a44b63882fa8a737ac9a1eea3ccabd47a953b.png]
[assets.sbcdnsb.com/assets/app_visitor-82cec6d547a29be4f7bdee865ce0db9ba6638ba8c2904446188e968aea4cd72b.css]
[assets.sbcdnsb.com/assets/tool/visitor/elements/manifests/partner-2fe1cb830f810b883611c4a9a920bc7b0f81d0d31e2cae15a5e3a614fe69b810.css]
[assets.sbcdnsb.com/assets/tool/visitor/elements/manifests/review_display-a5697af51fbc77f2feb147794e20cede8fd19295c7488d2698bd8a68199c3a51.css]
[assets.sbcdnsb.com/assets/themes/desktop/10/css/visitor-2eb3a6dfcea0031c6c891e7e40cd85068451f0a331d41d53e06e1e7e7c4f6df3.css]
[assets.sbcdnsb.com/assets/themes/mobile/0/css/visitor-932a571d65b35bf7b1124991b7041c7dae19fb12eac3e20ed6a1391c5fe1f749.css]
[www.peinture-delemer.fr/site/-Hj9i2vA5KTVqHkukb0vlA/styles/1727106201/dynamic-styles.css]
[www.peinture-delemer.fr/styles/pages/186629/1712684021/1_containers_specific_style_1652895562_1712684021.css_; filename_=UTF-8''1_containers_specific_style_1652895562_1712684021.css]
[assets.sbcdnsb.com/assets/tool/visitor/elements/manifests/album-ace6441496680e4354ec5e61b5aa90cf83ffcba98703d2cdd6f92390e3889a32.css]
[www.peinture-delemer.fr/styles/pages/186630/1712684021/1_containers_specific_style_1652895562_1712684021.css_; filename_=UTF-8''1_containers_specific_style_1652895562_1712684021.css]
[files.sbcdnsb.com/images/-Hj9i2vA5KTVqHkukb0vlA/content/1611845959/1675493/2000/img_20200309_113955.jpeg_; filename_=UTF-8''img_20200309_113955.jpeg]
[files.sbcdnsb.com/images/-Hj9i2vA5KTVqHkukb0vlA/content/1611845957/1675491/2000/img_20200305_112704.jpeg_; filename_=UTF-8''img_20200305_112704.jpeg]
[files.sbcdnsb.com/images/-Hj9i2vA5KTVqHkukb0vlA/content/1611845955/1675489/2000/img_20200206_091429.jpeg_; filename_=UTF-8''img_20200206_091429.jpeg]
[files.sbcdnsb.com/images/-Hj9i2vA5KTVqHkukb0vlA/content/1550135104/683250/2000/wp_20180702_10_23_33_pro.jpeg_; filename_=UTF-8''wp_20180702_10_23_33_pro.jpeg]
[files.sbcdnsb.com/images/-Hj9i2vA5KTVqHkukb0vlA/content/1550135100/683248/2000/wp_20160425_08_45_19_pro.jpeg_; filename_=UTF-8''wp_20160425_08_45_19_pro.jpeg]
[files.sbcdnsb.com/images/-Hj9i2vA5KTVqHkukb0vlA/content/1550135098/683246/2000/wp_20160425_08_45_12_pro.jpeg_; filename_=UTF-8''wp_20160425_08_45_12_pro.jpeg]
[files.sbcdnsb.com/images/-Hj9i2vA5KTVqHkukb0vlA/content/1550135096/683244/2000/wp_20160425_08_43_47_pro.jpeg_; filename_=UTF-8''wp_20160425_08_43_47_pro.jpeg]
[files.sbcdnsb.com/images/-Hj9i2vA5KTVqHkukb0vlA/content/1550135096/683242/2000/version_2000_img_7769.jpeg_; filename_=UTF-8''version_2000_img_7769.jpeg]
[files.sbcdnsb.com/images/-Hj9i2vA5KTVqHkukb0vlA/content/1550135089/683240/2000/version_2000_img_7747.jpeg_; filename_=UTF-8''version_2000_img_7747.jpeg]
[files.sbcdnsb.com/images/-Hj9i2vA5KTVqHkukb0vlA/content/1550134727/683234/2000/wp_20180702_10_23_33_pro.jpeg_; filename_=UTF-8''wp_20180702_10_23_33_pro.jpeg]
[files.sbcdnsb.com/images/-Hj9i2vA5KTVqHkukb0vlA/content/1550131231/682864/2000/wp-20140227-006.jpeg_; filename_=UTF-8''wp-20140227-006.jpeg]
[files.sbcdnsb.com/images/-Hj9i2vA5KTVqHkukb0vlA/content/1550131217/682862/2000/wp_20180702_10_23_39_pro.jpeg_; filename_=UTF-8''wp_20180702_10_23_39_pro.jpeg]
[files.sbcdnsb.com/images/-Hj9i2vA5KTVqHkukb0vlA/content/1550131213/682860/2000/img-20130114-152523.jpeg_; filename_=UTF-8''img-20130114-152523.jpeg]
[www.peinture-delemer.fr/peinture-peintre-rouen-76000.html]
[assets.sbcdnsb.com/assets/tool/visitor/elements/components/album-4a8b23db43301bfe44604506b8eef1616c006f75b749d16ed0e43694d0d60fd5.js]
[files.sbcdnsb.com/images/-Hj9i2vA5KTVqHkukb0vlA/content/1517760149/422669/dsc03173.jpeg_; filename_=UTF-8''dsc03173.jpeg]
[www.peinture-delemer.fr/styles/pages/186631/1712684021/1_containers_specific_style_1652895562_1712684021.css_; filename_=UTF-8''1_containers_specific_style_1652895562_1712684021.css]
[files.sbcdnsb.com/images/-Hj9i2vA5KTVqHkukb0vlA/content/1611845997/1675497/2000/wp_20181121_12_12_54_pro.jpeg_; filename_=UTF-8''wp_20181121_12_12_54_pro.jpeg]
[files.sbcdnsb.com/images/-Hj9i2vA5KTVqHkukb0vlA/content/1611845996/1675495/2000/img_20191121_103416.jpeg_; filename_=UTF-8''img_20191121_103416.jpeg]
[files.sbcdnsb.com/images/-Hj9i2vA5KTVqHkukb0vlA/content/1550131292/682866/2000/version_2000_dsc03173.jpeg_; filename_=UTF-8''version_2000_dsc03173.jpeg]
[www.peinture-delemer.fr/pose-revetements-sol-parquet-moquette-lino-pvc-rouen-76000.html]
[www.peinture-delemer.fr/styles/pages/186632/1712684021/1_containers_specific_style_1652895562_1712684021.css_; filename_=UTF-8''1_containers_specific_style_1652895562_1712684021.css]
[files.sbcdnsb.com/images/-Hj9i2vA5KTVqHkukb0vlA/content/1611846046/1675504/2000/img_20200309_113955.jpeg_; filename_=UTF-8''img_20200309_113955.jpeg]
[files.sbcdnsb.com/images/-Hj9i2vA5KTVqHkukb0vlA/content/1611846045/1675502/2000/img_20200305_112704.jpeg_; filename_=UTF-8''img_20200305_112704.jpeg]
[files.sbcdnsb.com/images/-Hj9i2vA5KTVqHkukb0vlA/content/1611846044/1675500/2000/img_20200206_091429.jpeg_; filename_=UTF-8''img_20200206_091429.jpeg]
[files.sbcdnsb.com/images/-Hj9i2vA5KTVqHkukb0vlA/content/1550131389/682872/2000/img-881.jpeg_; filename_=UTF-8''img-881.jpeg]
[files.sbcdnsb.com/images/-Hj9i2vA5KTVqHkukb0vlA/content/1550131388/682870/2000/img-2257.jpeg_; filename_=UTF-8''img-2257.jpeg]
[files.sbcdnsb.com/images/-Hj9i2vA5KTVqHkukb0vlA/content/1550131383/682868/2000/version_2000_img_7759.jpeg_; filename_=UTF-8''version_2000_img_7759.jpeg]
[files.sbcdnsb.com/images/-Hj9i2vA5KTVqHkukb0vlA/content/1578589823/1031182/2000/img_20191226_130807.jpeg_; filename_=UTF-8''img_20191226_130807.jpeg]
[files.sbcdnsb.com/images/-Hj9i2vA5KTVqHkukb0vlA/content/1578589821/1031180/2000/img_20191226_130644.jpeg_; filename_=UTF-8''img_20191226_130644.jpeg]
[files.sbcdnsb.com/images/-Hj9i2vA5KTVqHkukb0vlA/content/1578589819/1031178/2000/img_20191226_130524.jpeg_; filename_=UTF-8''img_20191226_130524.jpeg]
[www.peinture-delemer.fr/pose-revetements-muraux-murs-peinture-papier-paint-tissu-carrelage-rouen-76000.html]
[files.sbcdnsb.com/images/-Hj9i2vA5KTVqHkukb0vlA/content/1578589607/1031172/img_20191226_130644.jpeg_; filename_=UTF-8''img_20191226_130644.jpeg]
[files.sbcdnsb.com/images/-Hj9i2vA5KTVqHkukb0vlA/content/1704729419/3376164/img_20201201_103100.jpeg_; filename_=UTF-8''img_20201201_103100.jpeg]
[www.peinture-delemer.fr/styles/pages/186633/1712684021/1_containers_specific_style_1704729622_1712684021.css_; filename_=UTF-8''1_containers_specific_style_1704729622_1712684021.css]
[files.sbcdnsb.com/images/-Hj9i2vA5KTVqHkukb0vlA/content/1704729867/3376191/2000/img_20231221_115028.jpeg_; filename_=UTF-8''img_20231221_115028.jpeg]
[files.sbcdnsb.com/images/-Hj9i2vA5KTVqHkukb0vlA/content/1611845780/1675475/2000/wp_220180601_09_43_47_pro.jpeg_; filename_=UTF-8''wp_220180601_09_43_47_pro.jpeg]
[files.sbcdnsb.com/images/-Hj9i2vA5KTVqHkukb0vlA/content/1611845778/1675473/2000/wp_20170705_12_17_28_pro.jpeg_; filename_=UTF-8''wp_20170705_12_17_28_pro.jpeg]
[files.sbcdnsb.com/images/-Hj9i2vA5KTVqHkukb0vlA/content/1611845776/1675471/2000/img_20201201_103100.jpeg_; filename_=UTF-8''img_20201201_103100.jpeg]
[files.sbcdnsb.com/images/-Hj9i2vA5KTVqHkukb0vlA/content/1611845774/1675469/2000/img_20200717_095847.jpeg_; filename_=UTF-8''img_20200717_095847.jpeg]
[files.sbcdnsb.com/images/-Hj9i2vA5KTVqHkukb0vlA/content/1550135289/683271/2000/wp_20181031_13_14_09_pro.jpeg_; filename_=UTF-8''wp_20181031_13_14_09_pro.jpeg]
[files.sbcdnsb.com/images/-Hj9i2vA5KTVqHkukb0vlA/content/1550135287/683269/2000/wp_20170630_09_05_41_pro.jpeg_; filename_=UTF-8''wp_20170630_09_05_41_pro.jpeg]
[files.sbcdnsb.com/images/-Hj9i2vA5KTVqHkukb0vlA/content/1550135286/683267/2000/wp_20170630_09_03_25_pro.jpeg_; filename_=UTF-8''wp_20170630_09_03_25_pro.jpeg]
[files.sbcdnsb.com/images/-Hj9i2vA5KTVqHkukb0vlA/content/1550135284/683265/2000/wp_20170327_12_47_58_pro.jpeg_; filename_=UTF-8''wp_20170327_12_47_58_pro.jpeg]
[files.sbcdnsb.com/images/-Hj9i2vA5KTVqHkukb0vlA/content/1550135275/683261/2000/wp_20161018_17_06_23_pro.jpeg_; filename_=UTF-8''wp_20161018_17_06_23_pro.jpeg]
[files.sbcdnsb.com/images/-Hj9i2vA5KTVqHkukb0vlA/content/1550135269/683259/2000/wp_20160929_13_11_02_pro.jpeg_; filename_=UTF-8''wp_20160929_13_11_02_pro.jpeg]
[files.sbcdnsb.com/images/-Hj9i2vA5KTVqHkukb0vlA/content/1550135264/683257/2000/wp_20160906_10_10_06_pro.jpeg_; filename_=UTF-8''wp_20160906_10_10_06_pro.jpeg]
[files.sbcdnsb.com/images/-Hj9i2vA5KTVqHkukb0vlA/content/1550135257/683255/2000/m__4e12.jpeg_; filename_=UTF-8''m__4e12.jpeg]
[files.sbcdnsb.com/images/-Hj9i2vA5KTVqHkukb0vlA/content/1550131477/682878/2000/wp-20140414-003.jpeg_; filename_=UTF-8''wp-20140414-003.jpeg]
[files.sbcdnsb.com/images/-Hj9i2vA5KTVqHkukb0vlA/content/1550131464/682876/2000/wp_20170616_12_45_22_pro.jpeg_; filename_=UTF-8''wp_20170616_12_45_22_pro.jpeg]
[files.sbcdnsb.com/images/-Hj9i2vA5KTVqHkukb0vlA/content/1550131460/682874/2000/wp_20170630_08_58_17_pro.jpeg_; filename_=UTF-8''wp_20170630_08_58_17_pro.jpeg]
[files.sbcdnsb.com/images/-Hj9i2vA5KTVqHkukb0vlA/content/1578590455/1031194/2000/img_20190830_103130.jpeg_; filename_=UTF-8''img_20190830_103130.jpeg]
[files.sbcdnsb.com/images/-Hj9i2vA5KTVqHkukb0vlA/content/1578590454/1031192/2000/img_20190923_100518.jpeg_; filename_=UTF-8''img_20190923_100518.jpeg]
[www.peinture-delemer.fr/pose-revetements-exterieurs-lames-terrasse-dalles-paves-briques-rouen-76000.html]
[www.peinture-delemer.fr/styles/pages/186634/1712684021/1_containers_specific_style_1652895562_1712684021.css_; filename_=UTF-8''1_containers_specific_style_1652895562_1712684021.css]
[files.sbcdnsb.com/images/-Hj9i2vA5KTVqHkukb0vlA/content/1550135504/683305/2000/version_2000_img_20190203_202909.jpeg_; filename_=UTF-8''version_2000_img_20190203_202909.jpeg]
[files.sbcdnsb.com/images/-Hj9i2vA5KTVqHkukb0vlA/content/1550135500/683303/2000/version_2000_img_20190203_202900.jpeg_; filename_=UTF-8''version_2000_img_20190203_202900.jpeg]
[files.sbcdnsb.com/images/-Hj9i2vA5KTVqHkukb0vlA/content/1550135497/683301/2000/version_2000_img_20190202_163312.jpeg_; filename_=UTF-8''version_2000_img_20190202_163312.jpeg]
[files.sbcdnsb.com/images/-Hj9i2vA5KTVqHkukb0vlA/content/1550135495/683299/2000/version_2000_img_20190202_072914.jpeg_; filename_=UTF-8''version_2000_img_20190202_072914.jpeg]
[files.sbcdnsb.com/images/-Hj9i2vA5KTVqHkukb0vlA/content/1550135490/683297/2000/version_2000_img_20190202_072857.jpeg_; filename_=UTF-8''version_2000_img_20190202_072857.jpeg]
[www.peinture-delemer.fr/pose-revetements-interieur-revetements-sol-revetements-muraux-amenagement-reparation-rouen-76000.html]
[files.sbcdnsb.com/images/-Hj9i2vA5KTVqHkukb0vlA/content/1550135490/683295/2000/version_2000_img_7813.jpeg_; filename_=UTF-8''version_2000_img_7813.jpeg]
[www.peinture-delemer.fr/styles/pages/186635/1712684021/1_containers_specific_style_1652895562_1712684021.css_; filename_=UTF-8''1_containers_specific_style_1652895562_1712684021.css]
[files.sbcdnsb.com/images/-Hj9i2vA5KTVqHkukb0vlA/content/1550135596/683312/2000/wp_20161017_11_10_31_pro.jpeg_; filename_=UTF-8''wp_20161017_11_10_31_pro.jpeg]
[files.sbcdnsb.com/images/-Hj9i2vA5KTVqHkukb0vlA/content/1550135590/683310/2000/wp_20161017_11_10_03_pro.jpeg_; filename_=UTF-8''wp_20161017_11_10_03_pro.jpeg]
[files.sbcdnsb.com/images/-Hj9i2vA5KTVqHkukb0vlA/content/1550135587/683308/2000/wp_20160721_08_46_16_pro.jpeg_; filename_=UTF-8''wp_20160721_08_46_16_pro.jpeg]
[files.sbcdnsb.com/images/-Hj9i2vA5KTVqHkukb0vlA/content/1550131644/682890/2000/wp_20160422_11_43_54_pro.jpeg_; filename_=UTF-8''wp_20160422_11_43_54_pro.jpeg]
[files.sbcdnsb.com/images/-Hj9i2vA5KTVqHkukb0vlA/content/1550131643/682888/2000/wp_20160404_09_27_20_pro.jpeg_; filename_=UTF-8''wp_20160404_09_27_20_pro.jpeg]
[files.sbcdnsb.com/images/-Hj9i2vA5KTVqHkukb0vlA/content/1550131642/682886/2000/wp_20160404_09_28_31_pro.jpeg_; filename_=UTF-8''wp_20160404_09_28_31_pro.jpeg]
[files.sbcdnsb.com/images/-Hj9i2vA5KTVqHkukb0vlA/content/1550131640/682884/2000/wp_20161207_14_40_17_pro.jpeg_; filename_=UTF-8''wp_20161207_14_40_17_pro.jpeg]
[www.peinture-delemer.fr/isolation-interieure-isolation-exterieure-isolation-thermique-rouen-76000.html]
[www.peinture-delemer.fr/styles/pages/186636/1712684021/1_containers_specific_style_1652895562_1712684021.css_; filename_=UTF-8''1_containers_specific_style_1652895562_1712684021.css]
[www.peinture-delemer.fr/presentation-peinture-delemer-peinture-revetement-isolation-rouen-76000.html]
[files.sbcdnsb.com/images/-Hj9i2vA5KTVqHkukb0vlA/content/1521907519/462398/wp_20161017_11_10_31_pro.jpeg_; filename_=UTF-8''wp_20161017_11_10_31_pro.jpeg]
[www.peinture-delemer.fr/styles/pages/186637/1712684021/1_containers_specific_style_1652895562_1712684021.css_; filename_=UTF-8''1_containers_specific_style_1652895562_1712684021.css]
[files.sbcdnsb.com/images/-Hj9i2vA5KTVqHkukb0vlA/content/1547983998/661120/2000/58da043103b5fcd7ea4120190120-3419955-of9tuh.jpeg_; filename_=UTF-8''58da043103b5fcd7ea4120190120-3419955-of9tuh]
[files.sbcdnsb.com/images/-Hj9i2vA5KTVqHkukb0vlA/content/1547983977/661118/2000/59e50291bde02911640620190120-3421071-z22cwx.jpeg_; filename_=UTF-8''59e50291bde02911640620190120-3421071-z22cwx]
[files.sbcdnsb.com/images/-Hj9i2vA5KTVqHkukb0vlA/content/1547983942/661114/2000/930c4a7826c2b4b91f2520190120-3419955-981stw.jpeg_; filename_=UTF-8''930c4a7826c2b4b91f2520190120-3419955-981stw]
[files.sbcdnsb.com/images/-Hj9i2vA5KTVqHkukb0vlA/content/1547983936/661112/2000/90f393a033d260d9a2a620190120-3420755-eo825f.jpeg_; filename_=UTF-8''90f393a033d260d9a2a620190120-3420755-eo825f]
[files.sbcdnsb.com/images/-Hj9i2vA5KTVqHkukb0vlA/content/1547983895/661108/2000/d85db437d5c50d0a04eb20190120-3420321-1cdtje5.jpeg_; filename_=UTF-8''d85db437d5c50d0a04eb20190120-3420321-1cdtj]
[files.sbcdnsb.com/images/-Hj9i2vA5KTVqHkukb0vlA/content/1547983876/661106/2000/cbdfae46b75d044d2ff020190120-3420755-1b0zlmc.jpeg_; filename_=UTF-8''cbdfae46b75d044d2ff020190120-3420755-1b0zl]
[files.sbcdnsb.com/images/-Hj9i2vA5KTVqHkukb0vlA/content/1547983850/661104/2000/3277f258beaac1d640e220190120-3419955-ilr6zp.jpeg_; filename_=UTF-8''3277f258beaac1d640e220190120-3419955-ilr6zp]
[files.sbcdnsb.com/images/-Hj9i2vA5KTVqHkukb0vlA/content/1547983823/661102/2000/8c65248289a134f983f920190120-3421071-b7zs2c.jpeg_; filename_=UTF-8''8c65248289a134f983f920190120-3421071-b7zs2c]
[files.sbcdnsb.com/images/-Hj9i2vA5KTVqHkukb0vlA/content/1547983803/661100/2000/787743ea2505f9b284b120190120-3420755-4kjxy3.jpeg_; filename_=UTF-8''787743ea2505f9b284b120190120-3420755-4kjxy3]
[files.sbcdnsb.com/images/-Hj9i2vA5KTVqHkukb0vlA/content/1547983776/661098/2000/05a60a09c7ba4ae8659820190120-3420755-1ievslx.jpeg_; filename_=UTF-8''05a60a09c7ba4ae8659820190120-3420755-1ievs]
[files.sbcdnsb.com/images/-Hj9i2vA5KTVqHkukb0vlA/content/1547983756/661096/2000/51b103405c80554ffd3220190120-3420755-do1u19.jpeg_; filename_=UTF-8''51b103405c80554ffd3220190120-3420755-do1u19]
[files.sbcdnsb.com/images/-Hj9i2vA5KTVqHkukb0vlA/content/1547983737/661094/2000/955f8aa7195bb3c3f2be20190120-3419955-ya3vev.jpeg_; filename_=UTF-8''955f8aa7195bb3c3f2be20190120-3419955-ya3vev]
[files.sbcdnsb.com/images/-Hj9i2vA5KTVqHkukb0vlA/content/1547983716/661092/2000/a2acd4d553b1d1d550b620190120-3420321-bt8ird.jpeg_; filename_=UTF-8''a2acd4d553b1d1d550b620190120-3420321-bt8ird]
[files.sbcdnsb.com/images/-Hj9i2vA5KTVqHkukb0vlA/content/1547983697/661090/2000/a6ca8fa9f68cdb24831920190120-3420755-1x83hsk.jpeg_; filename_=UTF-8''a6ca8fa9f68cdb24831920190120-3420755-1x83h]
[files.sbcdnsb.com/images/-Hj9i2vA5KTVqHkukb0vlA/content/1547983678/661088/2000/7a3fd62b25d65f49560020190120-3420755-1t28zsu.jpeg_; filename_=UTF-8''7a3fd62b25d65f49560020190120-3420755-1t28z]
[files.sbcdnsb.com/images/-Hj9i2vA5KTVqHkukb0vlA/content/1547983661/661086/2000/b622946488bb0a40c49620190120-3421071-whecnm.jpeg_; filename_=UTF-8''b622946488bb0a40c49620190120-3421071-whecnm]
[files.sbcdnsb.com/images/-Hj9i2vA5KTVqHkukb0vlA/content/1547983645/661084/2000/c5559e9399853916321d20190120-3420755-x5l9q0.jpeg_; filename_=UTF-8''c5559e9399853916321d20190120-3420755-x5l9q0]
[files.sbcdnsb.com/images/-Hj9i2vA5KTVqHkukb0vlA/content/1547983625/661082/2000/ef6a75765ad2f991a95a20190120-3420755-13nj3o.jpeg_; filename_=UTF-8''ef6a75765ad2f991a95a20190120-3420755-13nj3o]
[files.sbcdnsb.com/images/-Hj9i2vA5KTVqHkukb0vlA/content/1547983596/661078/2000/9ef1bac79d7e768f7de420190120-3420755-7e5d2v.jpeg_; filename_=UTF-8''9ef1bac79d7e768f7de420190120-3420755-7e5d2v]
[files.sbcdnsb.com/images/-Hj9i2vA5KTVqHkukb0vlA/content/1547983594/661076/2000/537c6854cd96da1d8c9820190120-3420755-vmsw8u.jpeg_; filename_=UTF-8''537c6854cd96da1d8c9820190120-3420755-vmsw8u]
[files.sbcdnsb.com/images/-Hj9i2vA5KTVqHkukb0vlA/content/1547983592/661070/2000/268aba9b377e3fcba0f020190120-3419955-12t13hj.jpeg_; filename_=UTF-8''268aba9b377e3fcba0f020190120-3419955-12t13]
[files.sbcdnsb.com/images/-Hj9i2vA5KTVqHkukb0vlA/content/1547983590/661066/2000/c3e3e2234924d3e7b01220190120-3421071-1319cra.jpeg_; filename_=UTF-8''c3e3e2234924d3e7b01220190120-3421071-1319c]
[files.sbcdnsb.com/images/-Hj9i2vA5KTVqHkukb0vlA/content/1547983589/661064/2000/f81ccecbb58ed58eaa3120190120-3419955-1x9rwkk.jpeg_; filename_=UTF-8''f81ccecbb58ed58eaa3120190120-3419955-1x9rw]
[files.sbcdnsb.com/images/-Hj9i2vA5KTVqHkukb0vlA/content/1547983586/661062/2000/5c36ba4cea83560323b120190120-3420755-j6d46k.jpeg_; filename_=UTF-8''5c36ba4cea83560323b120190120-3420755-j6d46k]
[files.sbcdnsb.com/images/-Hj9i2vA5KTVqHkukb0vlA/content/1547983440/661058/2000/version_2000_cf018e69b00689a9726620190120-3420755-1vqf773.jpeg_; filename_=UTF-8''version_2000_cf018e69b00689a9]
[files.sbcdnsb.com/images/-Hj9i2vA5KTVqHkukb0vlA/content/1547983345/661056/2000/version_2000_2dbd3d9d4125ad95294a20190120-3421071-51zao2.jpeg_; filename_=UTF-8''version_2000_2dbd3d9d4125ad952]
[files.sbcdnsb.com/images/-Hj9i2vA5KTVqHkukb0vlA/content/1521908109/462411/2000/298e898b35f27754f79120180324-760043-gbiqgc.jpeg_; filename_=UTF-8''298e898b35f27754f79120180324-760043-gbiqgc.j]
[files.sbcdnsb.com/images/-Hj9i2vA5KTVqHkukb0vlA/content/1521908107/462409/2000/9166fb46cbfd2acac05e20180324-760053-8eggf5.jpeg_; filename_=UTF-8''9166fb46cbfd2acac05e20180324-760053-8eggf5.j]
[files.sbcdnsb.com/images/-Hj9i2vA5KTVqHkukb0vlA/content/1521908097/462405/2000/version_2000_3223f76cbccdba20b5c020180324-760043-4dmwb4.jpeg_; filename_=UTF-8''version_2000_3223f76cbccdba20b5]
[files.sbcdnsb.com/images/-Hj9i2vA5KTVqHkukb0vlA/content/1521908093/462403/2000/f0008f4e60fefd48c07d20180324-760043-19kjh8i.jpeg_; filename_=UTF-8''f0008f4e60fefd48c07d20180324-760043-19kjh8i]
[files.sbcdnsb.com/images/-Hj9i2vA5KTVqHkukb0vlA/content/1521908088/462401/2000/7cb93c8277ca31e4218e20180324-760043-130twc7.jpeg_; filename_=UTF-8''7cb93c8277ca31e4218e20180324-760043-130twc7]
[files.sbcdnsb.com/images/-Hj9i2vA5KTVqHkukb0vlA/content/1517571895/422111/2000/dcc25713e54aadd6899e20180202-3119373-bdupp3.jpeg_; filename_=UTF-8''dcc25713e54aadd6899e20180202-3119373-bdupp3]
[files.sbcdnsb.com/images/-Hj9i2vA5KTVqHkukb0vlA/content/1517571895/422109/2000/c7addc74b9da374c791720180202-3119393-1mylw5w.jpeg_; filename_=UTF-8''c7addc74b9da374c791720180202-3119393-1mylw]
[files.sbcdnsb.com/images/-Hj9i2vA5KTVqHkukb0vlA/content/1517571895/422107/2000/0152ab885b1fcc9c103b20180202-3119383-1va85h4.jpeg_; filename_=UTF-8''0152ab885b1fcc9c103b20180202-3119383-1va85]
[files.sbcdnsb.com/images/-Hj9i2vA5KTVqHkukb0vlA/content/1517571894/422105/2000/6ac1fe231964d24c945120180202-3470025-1nfvtt0.jpeg_; filename_=UTF-8''6ac1fe231964d24c945120180202-3470025-1nfvt]
[files.sbcdnsb.com/images/-Hj9i2vA5KTVqHkukb0vlA/content/1517571894/422103/2000/8efc1f0c83103facf64e20180202-3119393-1flhf1c.jpeg_; filename_=UTF-8''8efc1f0c83103facf64e20180202-3119393-1flhf]
[files.sbcdnsb.com/images/-Hj9i2vA5KTVqHkukb0vlA/content/1517571894/422101/2000/7db26ea2b1e5c7b3b8b420180202-3470025-1nd0oa4.jpeg_; filename_=UTF-8''7db26ea2b1e5c7b3b8b420180202-3470025-1nd0o]
[files.sbcdnsb.com/images/-Hj9i2vA5KTVqHkukb0vlA/content/1517571894/422099/2000/b595453abae0160f886720180202-3119393-1l2qxtj.jpeg_; filename_=UTF-8''b595453abae0160f886720180202-3119393-1l2qx]
[files.sbcdnsb.com/images/-Hj9i2vA5KTVqHkukb0vlA/content/1517571893/422097/2000/4232161d02625ab6a38a20180202-3119393-hkyiql.jpeg_; filename_=UTF-8''4232161d02625ab6a38a20180202-3119393-hkyiql]
[files.sbcdnsb.com/images/-Hj9i2vA5KTVqHkukb0vlA/content/1517571894/422095/2000/21ad07d199d0106a87f120180202-3119373-1lp3t4c.jpeg_; filename_=UTF-8''21ad07d199d0106a87f120180202-3119373-1lp3t]
[files.sbcdnsb.com/images/-Hj9i2vA5KTVqHkukb0vlA/content/1517571893/422093/2000/e29be4396251c376a0a920180202-3119383-11xdy8w.jpeg_; filename_=UTF-8''e29be4396251c376a0a920180202-3119383-11xdy]
[files.sbcdnsb.com/images/-Hj9i2vA5KTVqHkukb0vlA/content/1517571893/422091/2000/d9b4aa9c4a2bada204bf20180202-3119393-oswsll.jpeg_; filename_=UTF-8''d9b4aa9c4a2bada204bf20180202-3119393-oswsll]
[files.sbcdnsb.com/images/-Hj9i2vA5KTVqHkukb0vlA/content/1517571893/422089/2000/60f910fc6aa1f5075a7b20180202-3119383-ksft1s.jpeg_; filename_=UTF-8''60f910fc6aa1f5075a7b20180202-3119383-ksft1s]
[files.sbcdnsb.com/images/-Hj9i2vA5KTVqHkukb0vlA/content/1517571893/422087/2000/c55b43c12755d36aaf7a20180202-3119373-pghlst.jpeg_; filename_=UTF-8''c55b43c12755d36aaf7a20180202-3119373-pghlst]
[files.sbcdnsb.com/images/-Hj9i2vA5KTVqHkukb0vlA/content/1517571893/422085/2000/161e33c995fd2c12406a20180202-3119393-1rrpb8b.jpeg_; filename_=UTF-8''161e33c995fd2c12406a20180202-3119393-1rrpb]
[files.sbcdnsb.com/images/-Hj9i2vA5KTVqHkukb0vlA/content/1517571892/422083/2000/47c329e7ec4dbac2f83420180202-3119383-cerwq6.jpeg_; filename_=UTF-8''47c329e7ec4dbac2f83420180202-3119383-cerwq6]
[files.sbcdnsb.com/images/-Hj9i2vA5KTVqHkukb0vlA/content/1517571892/422081/2000/c29eb0a1195187d5484420180202-3119373-f73vnz.jpeg_; filename_=UTF-8''c29eb0a1195187d5484420180202-3119373-f73vnz]
[files.sbcdnsb.com/images/-Hj9i2vA5KTVqHkukb0vlA/content/1517571892/422079/2000/28dccb95b3adac61666f20180202-3119383-6b6jeq.jpeg_; filename_=UTF-8''28dccb95b3adac61666f20180202-3119383-6b6jeq]
[files.sbcdnsb.com/images/-Hj9i2vA5KTVqHkukb0vlA/content/1517571892/422077/2000/08bb0a9673ba58493a1520180202-3119383-1irmnwu.jpeg_; filename_=UTF-8''08bb0a9673ba58493a1520180202-3119383-1irmn]
[files.sbcdnsb.com/images/-Hj9i2vA5KTVqHkukb0vlA/content/1517571891/422075/2000/14e8b5cb47c3746a598820180202-3119383-11lwc9v.jpeg_; filename_=UTF-8''14e8b5cb47c3746a598820180202-3119383-11lwc]
[files.sbcdnsb.com/images/-Hj9i2vA5KTVqHkukb0vlA/content/1517571891/422073/2000/696da8ca13ddd424981c20180202-3119373-1lb4ik.jpeg_; filename_=UTF-8''696da8ca13ddd424981c20180202-3119373-1lb4ik]
[files.sbcdnsb.com/images/-Hj9i2vA5KTVqHkukb0vlA/content/1517571891/422071/2000/19d0ee7cad87f1c64e8f20180202-3119383-nqsj74.jpeg_; filename_=UTF-8''19d0ee7cad87f1c64e8f20180202-3119383-nqsj74]
[files.sbcdnsb.com/images/-Hj9i2vA5KTVqHkukb0vlA/content/1517571891/422069/2000/6da99bd9400d766800e520180202-3119373-cws4je.jpeg_; filename_=UTF-8''6da99bd9400d766800e520180202-3119373-cws4je]
[files.sbcdnsb.com/images/-Hj9i2vA5KTVqHkukb0vlA/content/1517571891/422067/2000/71348dd78de8ed9f50b920180202-3119393-txxtxi.jpeg_; filename_=UTF-8''71348dd78de8ed9f50b920180202-3119393-txxtxi]
[files.sbcdnsb.com/images/-Hj9i2vA5KTVqHkukb0vlA/content/1517571891/422063/2000/c8fa7405d15cc55b9d9d20180202-3119383-1cpjk4v.jpeg_; filename_=UTF-8''c8fa7405d15cc55b9d9d20180202-3119383-1cpjk]
[files.sbcdnsb.com/images/-Hj9i2vA5KTVqHkukb0vlA/content/1517571891/422061/2000/7ba540a65f1e228d611020180202-3119393-1bh2p6q.jpeg_; filename_=UTF-8''7ba540a65f1e228d611020180202-3119393-1bh2p]
[files.sbcdnsb.com/images/-Hj9i2vA5KTVqHkukb0vlA/content/1517571890/422055/2000/d0b3f2a6a3a0eb56a11320180202-3119383-13khbaq.jpeg_; filename_=UTF-8''d0b3f2a6a3a0eb56a11320180202-3119383-13khb]
[files.sbcdnsb.com/images/-Hj9i2vA5KTVqHkukb0vlA/content/1517571890/422053/2000/df12204c4b98275567db20180202-3119393-2r8pdl.jpeg_; filename_=UTF-8''df12204c4b98275567db20180202-3119393-2r8pdl]
[files.sbcdnsb.com/images/-Hj9i2vA5KTVqHkukb0vlA/content/1517571890/422051/2000/70077951cdc1f373800b20180202-3119383-1a7yfmn.jpeg_; filename_=UTF-8''70077951cdc1f373800b20180202-3119383-1a7yf]
[www.peinture-delemer.fr/realisations-photos-peinture-delemer-peinture-revetement-isolation-rouen-76000.html]
[www.peinture-delemer.fr/styles/pages/186638/1712684021/1_containers_specific_style_1652895562_1712684021.css_; filename_=UTF-8''1_containers_specific_style_1652895562_1712684021.css]
[www.peinture-delemer.fr/donner-son-avis-peinture-delemer.html]
[files.sbcdnsb.com/images/-Hj9i2vA5KTVqHkukb0vlA/content/1674900863/415691/400/version_400_615114a457052b0ee49b20180126-2827216-18ivvyt.jpeg_; filename_=UTF-8''version_400_615114a457052b0ee49]
[www.peinture-delemer.fr/avis-temoignages-clients-peinture-delemer-peinture-revetement-isolation-rouen-76000.html]
[assets.sbcdnsb.com/assets/tool/visitor/elements/manifests/form-45caae699067b3d354698b78a415c7e2d21d736071445c6e2ed1d33ad41ee4d7.css]
[assets.sbcdnsb.com/assets/tool/visitor/elements/manifests/map-813697cdfffd885a2e79c1a9f03e16351b0b79ac4807bcea4a353263bbbe9ae7.css]
[www.peinture-delemer.fr/styles/pages/186639/1712684021/1_containers_specific_style_1652895562_1712684021.css_; filename_=UTF-8''1_containers_specific_style_1652895562_1712684021.css]
[assets.sbcdnsb.com/assets/tool/visitor/elements/components/form-d8c0840f9bfaa3c917ea5def028d591bbcbd17135941cc31e36f8642535c6c14.js]
[assets.sbcdnsb.com/assets/tool/visitor/elements/components/map-6317150aab1e956ffd930765f2123ef33c511b30cb701e7a3fbdd59927d13cb8.js]
[assets.sbcdnsb.com/assets/tool/visitor/elements/components/map_advanced-61a1b53aeb8fc76076405b2e3b3645498547299f368a4ba3e9ab627026c0a9c2.js]
[assets.sbcdnsb.com/assets/tool/visitor/elements/components/map_itinerary-de7b39359367ef8a95ff9fbd13bc873d81d8e6eade1ff17d72e32387711e8c94.js]
[www.peinture-delemer.fr/contact-devis-gratuit-peintre-rouen-76000.html]
[assets.sbcdnsb.com/assets/tool/visitor/elements/components/map_standard-7480cf99ea103caf7a64ed3c340d3ab832eb2c696495b6a9f2739837c9739459.js]
[assets.sbcdnsb.com/assets/tool/visitor/elements/manifests/sitemap-cac3d2520d2fd264e5923edcdfa91489c3640c9a9ee8049a4182a792040dd991.css]
[www.peinture-delemer.fr/styles/pages/186641/1712684021/1_containers_specific_style_1652895562_1712684021.css_; filename_=UTF-8''1_containers_specific_style_1652895562_1712684021.css]
[www.peinture-delemer.fr/peinture-peintre-bonsecours-76240.html]
[www.peinture-delemer.fr/peinture-peintre-bihorel-76420.html]
[www.peinture-delemer.fr/peinture-peintre-darnetal-76160.html]
[www.peinture-delemer.fr/peinture-peintre-saint-leger-du-bourg-denis-76160.html]
[www.peinture-delemer.fr/peinture-peintre-sotteville-les-rouen-76300.html]
[www.peinture-delemer.fr/peinture-peintre-bois-guillaume-76230.html]
[www.peinture-delemer.fr/peinture-peintre-mont-saint-aignan-76130.html]
[www.peinture-delemer.fr/peinture-peintre-le-mesnil-esnard-76240.html]
[www.peinture-delemer.fr/revetements-au-sol-bonsecours-76240.html]
[www.peinture-delemer.fr/revetements-au-sol-bihorel-76420.html]
[www.peinture-delemer.fr/revetements-au-sol-darnetal-76160.html]
[www.peinture-delemer.fr/revetements-au-sol-saint-leger-du-bourg-denis-76160.html]
[www.peinture-delemer.fr/revetements-au-sol-sotteville-les-rouen-76300.html]
[www.peinture-delemer.fr/revetements-au-sol-bois-guillaume-76230.html]
[www.peinture-delemer.fr/revetements-au-sol-mont-saint-aignan-76130.html]
[www.peinture-delemer.fr/revetements-au-sol-le-mesnil-esnard-76240.html]
[www.peinture-delemer.fr/revetements-muraux-bonsecours-76240.html]
[www.peinture-delemer.fr/revetements-muraux-bihorel-76420.html]
[www.peinture-delemer.fr/revetements-muraux-darnetal-76160.html]
[www.peinture-delemer.fr/revetements-muraux-saint-leger-du-bourg-denis-76160.html]
[www.peinture-delemer.fr/revetements-muraux-sotteville-les-rouen-76300.html]
[www.peinture-delemer.fr/revetements-muraux-bois-guillaume-76230.html]
[www.peinture-delemer.fr/revetements-muraux-mont-saint-aignan-76130.html]
[www.peinture-delemer.fr/revetements-muraux-le-mesnil-esnard-76240.html]
[www.peinture-delemer.fr/revetements-exterieurs-bonsecours-76240.html]
[www.peinture-delemer.fr/revetements-exterieurs-bihorel-76420.html]
[www.peinture-delemer.fr/revetements-exterieurs-darnetal-76160.html]
[www.peinture-delemer.fr/revetements-exterieurs-saint-leger-du-bourg-denis-76160.html]
[www.peinture-delemer.fr/revetements-exterieurs-sotteville-les-rouen-76300.html]
[www.peinture-delemer.fr/revetements-exterieurs-bois-guillaume-76230.html]
[www.peinture-delemer.fr/revetements-exterieurs-mont-saint-aignan-76130.html]
[www.peinture-delemer.fr/revetements-exterieurs-le-mesnil-esnard-76240.html]
[www.peinture-delemer.fr/revetements-interieurs-bonsecours-76240.html]
[www.peinture-delemer.fr/revetements-interieurs-bihorel-76420.html]
[www.peinture-delemer.fr/revetements-interieurs-darnetal-76160.html]
[www.peinture-delemer.fr/revetements-interieurs-saint-leger-du-bourg-denis-76160.html]
[www.peinture-delemer.fr/revetements-interieurs-sotteville-les-rouen-76300.html]
[www.peinture-delemer.fr/revetements-interieurs-bois-guillaume-76230.html]
[www.peinture-delemer.fr/revetements-interieurs-mont-saint-aignan-76130.html]
[www.peinture-delemer.fr/revetements-interieurs-le-mesnil-esnard-76240.html]
[www.peinture-delemer.fr/isolation-bonsecours-76240.html]
[www.peinture-delemer.fr/isolation-bihorel-76420.html]
[www.peinture-delemer.fr/isolation-darnetal-76160.html]
[www.peinture-delemer.fr/isolation-saint-leger-du-bourg-denis-76160.html]
[www.peinture-delemer.fr/isolation-sotteville-les-rouen-76300.html]
[www.peinture-delemer.fr/isolation-bois-guillaume-76230.html]
[www.peinture-delemer.fr/isolation-mont-saint-aignan-76130.html]
[www.peinture-delemer.fr/plan-du-site.html]
[www.peinture-delemer.fr/isolation-le-mesnil-esnard-76240.html]
[www.peinture-delemer.fr/styles/pages/186642/1712684021/1_containers_specific_style_1652895562_1712684021.css_; filename_=UTF-8''1_containers_specific_style_1652895562_1712684021.css]
[www.peinture-delemer.fr/mentions-legales.html]
[assets.sbcdnsb.com/assets/commons/calendly-close-icon-77963382ab339573bb06b204699d4adf5ebbcbaaa51784f1d9f4b611723b42b0.svg]
[assets.sbcdnsb.com/assets/tool/visitor/elements/manifests/album-ace6441496680e4354ec5e61b5aa90cf83ffcba98703d2cdd6f92390e3889a32.css]
[www.peinture-delemer.fr/styles/pages/186630/1712684021/1_containers_specific_style_1652895562_1712684021.css_; filename_=UTF-8''1_containers_specific_style_1652895562_1712684021.css]
[www.peinture-delemer.fr/styles/pages/186631/1712684021/1_containers_specific_style_1652895562_1712684021.css_; filename_=UTF-8''1_containers_specific_style_1652895562_1712684021.css]
[www.peinture-delemer.fr/styles/pages/186632/1712684021/1_containers_specific_style_1652895562_1712684021.css_; filename_=UTF-8''1_containers_specific_style_1652895562_1712684021.css]
[www.peinture-delemer.fr/styles/pages/186633/1712684021/1_containers_specific_style_1704729622_1712684021.css_; filename_=UTF-8''1_containers_specific_style_1704729622_1712684021.css]
[www.peinture-delemer.fr/styles/pages/186634/1712684021/1_containers_specific_style_1652895562_1712684021.css_; filename_=UTF-8''1_containers_specific_style_1652895562_1712684021.css]
[www.peinture-delemer.fr/styles/pages/186635/1712684021/1_containers_specific_style_1652895562_1712684021.css_; filename_=UTF-8''1_containers_specific_style_1652895562_1712684021.css]
[www.peinture-delemer.fr/styles/pages/186636/1712684021/1_containers_specific_style_1652895562_1712684021.css_; filename_=UTF-8''1_containers_specific_style_1652895562_1712684021.css]
[www.peinture-delemer.fr/styles/pages/186637/1712684021/1_containers_specific_style_1652895562_1712684021.css_; filename_=UTF-8''1_containers_specific_style_1652895562_1712684021.css]
[www.peinture-delemer.fr/styles/pages/186638/1712684021/1_containers_specific_style_1652895562_1712684021.css_; filename_=UTF-8''1_containers_specific_style_1652895562_1712684021.css]
[assets.sbcdnsb.com/assets/tool/visitor/elements/manifests/review_form-ff6a3973e39d47fad98ce51d2d7da783af205e37d79a5f439e87c16009c06d29.css]
[www.peinture-delemer.fr/styles/pages/186640/1712684021/1_containers_specific_style_1652895562_1712684021.css_; filename_=UTF-8''1_containers_specific_style_1652895562_1712684021.css]
[www.peinture-delemer.fr/donner-son-avis-peinture-delemer.html]
[assets.sbcdnsb.com/assets/tool/visitor/elements/components/review_form-6f3405de86d604243d3777208bf20c503b0094dc61a908263df2c08f5c843633.js]
[assets.sbcdnsb.com/assets/tool/visitor/elements/manifests/form-45caae699067b3d354698b78a415c7e2d21d736071445c6e2ed1d33ad41ee4d7.css]
[assets.sbcdnsb.com/assets/tool/visitor/elements/manifests/map-813697cdfffd885a2e79c1a9f03e16351b0b79ac4807bcea4a353263bbbe9ae7.css]
[www.peinture-delemer.fr/styles/pages/186639/1712684021/1_containers_specific_style_1652895562_1712684021.css_; filename_=UTF-8''1_containers_specific_style_1652895562_1712684021.css]
[assets.sbcdnsb.com/assets/tool/visitor/elements/manifests/sitemap-cac3d2520d2fd264e5923edcdfa91489c3640c9a9ee8049a4182a792040dd991.css]
[www.peinture-delemer.fr/styles/pages/186641/1712684021/1_containers_specific_style_1652895562_1712684021.css_; filename_=UTF-8''1_containers_specific_style_1652895562_1712684021.css]
[www.peinture-delemer.fr/styles/pages/203341/1712684021/1_containers_specific_style_1652895562_1712684021.css_; filename_=UTF-8''1_containers_specific_style_1652895562_1712684021.css]
[www.peinture-delemer.fr/peinture-peintre-bonsecours-76240.html]
[www.peinture-delemer.fr/styles/pages/203342/1712684021/1_containers_specific_style_1652895562_1712684021.css_; filename_=UTF-8''1_containers_specific_style_1652895562_1712684021.css]
[www.peinture-delemer.fr/peinture-peintre-bihorel-76420.html]
[www.peinture-delemer.fr/styles/pages/203343/1712684021/1_containers_specific_style_1652895562_1712684021.css_; filename_=UTF-8''1_containers_specific_style_1652895562_1712684021.css]
[www.peinture-delemer.fr/peinture-peintre-darnetal-76160.html]
[www.peinture-delemer.fr/styles/pages/203344/1712684021/1_containers_specific_style_1652895562_1712684021.css_; filename_=UTF-8''1_containers_specific_style_1652895562_1712684021.css]
[www.peinture-delemer.fr/peinture-peintre-saint-leger-du-bourg-denis-76160.html]
[www.peinture-delemer.fr/styles/pages/203345/1712684021/1_containers_specific_style_1652895562_1712684021.css_; filename_=UTF-8''1_containers_specific_style_1652895562_1712684021.css]
[www.peinture-delemer.fr/peinture-peintre-sotteville-les-rouen-76300.html]
[www.peinture-delemer.fr/styles/pages/203346/1712684021/1_containers_specific_style_1652895562_1712684021.css_; filename_=UTF-8''1_containers_specific_style_1652895562_1712684021.css]
[www.peinture-delemer.fr/peinture-peintre-bois-guillaume-76230.html]
[www.peinture-delemer.fr/styles/pages/203347/1712684021/1_containers_specific_style_1652895562_1712684021.css_; filename_=UTF-8''1_containers_specific_style_1652895562_1712684021.css]
[www.peinture-delemer.fr/peinture-peintre-mont-saint-aignan-76130.html]
[www.peinture-delemer.fr/styles/pages/203348/1712684021/1_containers_specific_style_1652895562_1712684021.css_; filename_=UTF-8''1_containers_specific_style_1652895562_1712684021.css]
[www.peinture-delemer.fr/peinture-peintre-le-mesnil-esnard-76240.html]
[www.peinture-delemer.fr/styles/pages/203349/1712684021/1_containers_specific_style_1652895562_1712684021.css_; filename_=UTF-8''1_containers_specific_style_1652895562_1712684021.css]
[www.peinture-delemer.fr/revetements-au-sol-bonsecours-76240.html]
[www.peinture-delemer.fr/styles/pages/203350/1712684021/1_containers_specific_style_1652895562_1712684021.css_; filename_=UTF-8''1_containers_specific_style_1652895562_1712684021.css]
[www.peinture-delemer.fr/revetements-au-sol-bihorel-76420.html]
[www.peinture-delemer.fr/styles/pages/203351/1712684021/1_containers_specific_style_1652895562_1712684021.css_; filename_=UTF-8''1_containers_specific_style_1652895562_1712684021.css]
[www.peinture-delemer.fr/revetements-au-sol-darnetal-76160.html]
[www.peinture-delemer.fr/styles/pages/203352/1712684021/1_containers_specific_style_1652895562_1712684021.css_; filename_=UTF-8''1_containers_specific_style_1652895562_1712684021.css]
[www.peinture-delemer.fr/revetements-au-sol-saint-leger-du-bourg-denis-76160.html]
[www.peinture-delemer.fr/styles/pages/203353/1712684021/1_containers_specific_style_1652895562_1712684021.css_; filename_=UTF-8''1_containers_specific_style_1652895562_1712684021.css]
[www.peinture-delemer.fr/revetements-au-sol-sotteville-les-rouen-76300.html]
[www.peinture-delemer.fr/styles/pages/203354/1712684021/1_containers_specific_style_1652895562_1712684021.css_; filename_=UTF-8''1_containers_specific_style_1652895562_1712684021.css]
[www.peinture-delemer.fr/revetements-au-sol-bois-guillaume-76230.html]
[www.peinture-delemer.fr/revetements-au-sol-mont-saint-aignan-76130.html]
[www.peinture-delemer.fr/styles/pages/203355/1712684021/1_containers_specific_style_1652895562_1712684021.css_; filename_=UTF-8''1_containers_specific_style_1652895562_1712684021.css]
[www.peinture-delemer.fr/styles/pages/203356/1712684021/1_containers_specific_style_1652895562_1712684021.css_; filename_=UTF-8''1_containers_specific_style_1652895562_1712684021.css]
[www.peinture-delemer.fr/revetements-au-sol-le-mesnil-esnard-76240.html]
[www.peinture-delemer.fr/styles/pages/203357/1712684021/1_containers_specific_style_1652895562_1712684021.css_; filename_=UTF-8''1_containers_specific_style_1652895562_1712684021.css]
[www.peinture-delemer.fr/revetements-muraux-bonsecours-76240.html]
[www.peinture-delemer.fr/styles/pages/203358/1712684021/1_containers_specific_style_1652895562_1712684021.css_; filename_=UTF-8''1_containers_specific_style_1652895562_1712684021.css]
[www.peinture-delemer.fr/revetements-muraux-bihorel-76420.html]
[www.peinture-delemer.fr/styles/pages/203359/1712684021/1_containers_specific_style_1652895562_1712684021.css_; filename_=UTF-8''1_containers_specific_style_1652895562_1712684021.css]
[www.peinture-delemer.fr/revetements-muraux-darnetal-76160.html]
[www.peinture-delemer.fr/styles/pages/203360/1712684021/1_containers_specific_style_1652895562_1712684021.css_; filename_=UTF-8''1_containers_specific_style_1652895562_1712684021.css]
[www.peinture-delemer.fr/revetements-muraux-saint-leger-du-bourg-denis-76160.html]
[www.peinture-delemer.fr/styles/pages/203361/1712684021/1_containers_specific_style_1652895562_1712684021.css_; filename_=UTF-8''1_containers_specific_style_1652895562_1712684021.css]
[www.peinture-delemer.fr/revetements-muraux-sotteville-les-rouen-76300.html]
[www.peinture-delemer.fr/styles/pages/203362/1712684021/1_containers_specific_style_1652895562_1712684021.css_; filename_=UTF-8''1_containers_specific_style_1652895562_1712684021.css]
[www.peinture-delemer.fr/revetements-muraux-bois-guillaume-76230.html]
[www.peinture-delemer.fr/styles/pages/203363/1712684021/1_containers_specific_style_1652895562_1712684021.css_; filename_=UTF-8''1_containers_specific_style_1652895562_1712684021.css]
[www.peinture-delemer.fr/revetements-muraux-mont-saint-aignan-76130.html]
[www.peinture-delemer.fr/styles/pages/203364/1712684021/1_containers_specific_style_1652895562_1712684021.css_; filename_=UTF-8''1_containers_specific_style_1652895562_1712684021.css]
[www.peinture-delemer.fr/revetements-muraux-le-mesnil-esnard-76240.html]
[www.peinture-delemer.fr/styles/pages/203365/1712684021/1_containers_specific_style_1652895562_1712684021.css_; filename_=UTF-8''1_containers_specific_style_1652895562_1712684021.css]
[www.peinture-delemer.fr/revetements-exterieurs-bonsecours-76240.html]
[www.peinture-delemer.fr/styles/pages/203366/1712684021/1_containers_specific_style_1652895562_1712684021.css_; filename_=UTF-8''1_containers_specific_style_1652895562_1712684021.css]
[www.peinture-delemer.fr/revetements-exterieurs-bihorel-76420.html]
[www.peinture-delemer.fr/styles/pages/203367/1712684021/1_containers_specific_style_1652895562_1712684021.css_; filename_=UTF-8''1_containers_specific_style_1652895562_1712684021.css]
[www.peinture-delemer.fr/revetements-exterieurs-darnetal-76160.html]
[www.peinture-delemer.fr/styles/pages/203368/1712684021/1_containers_specific_style_1652895562_1712684021.css_; filename_=UTF-8''1_containers_specific_style_1652895562_1712684021.css]
[www.peinture-delemer.fr/revetements-exterieurs-saint-leger-du-bourg-denis-76160.html]
[www.peinture-delemer.fr/styles/pages/203369/1712684021/1_containers_specific_style_1652895562_1712684021.css_; filename_=UTF-8''1_containers_specific_style_1652895562_1712684021.css]
[www.peinture-delemer.fr/revetements-exterieurs-sotteville-les-rouen-76300.html]
[www.peinture-delemer.fr/styles/pages/203370/1712684021/1_containers_specific_style_1652895562_1712684021.css_; filename_=UTF-8''1_containers_specific_style_1652895562_1712684021.css]
[www.peinture-delemer.fr/revetements-exterieurs-bois-guillaume-76230.html]
[www.peinture-delemer.fr/styles/pages/203371/1712684021/1_containers_specific_style_1652895562_1712684021.css_; filename_=UTF-8''1_containers_specific_style_1652895562_1712684021.css]
[www.peinture-delemer.fr/revetements-exterieurs-mont-saint-aignan-76130.html]
[www.peinture-delemer.fr/styles/pages/203372/1712684021/1_containers_specific_style_1652895562_1712684021.css_; filename_=UTF-8''1_containers_specific_style_1652895562_1712684021.css]
[www.peinture-delemer.fr/revetements-exterieurs-le-mesnil-esnard-76240.html]
[www.peinture-delemer.fr/styles/pages/203373/1712684021/1_containers_specific_style_1652895562_1712684021.css_; filename_=UTF-8''1_containers_specific_style_1652895562_1712684021.css]
[www.peinture-delemer.fr/revetements-interieurs-bonsecours-76240.html]
[www.peinture-delemer.fr/styles/pages/203374/1712684021/1_containers_specific_style_1652895562_1712684021.css_; filename_=UTF-8''1_containers_specific_style_1652895562_1712684021.css]
[www.peinture-delemer.fr/revetements-interieurs-bihorel-76420.html]
[www.peinture-delemer.fr/styles/pages/203375/1712684021/1_containers_specific_style_1652895562_1712684021.css_; filename_=UTF-8''1_containers_specific_style_1652895562_1712684021.css]
[www.peinture-delemer.fr/revetements-interieurs-darnetal-76160.html]
[www.peinture-delemer.fr/styles/pages/203376/1712684021/1_containers_specific_style_1652895562_1712684021.css_; filename_=UTF-8''1_containers_specific_style_1652895562_1712684021.css]
[www.peinture-delemer.fr/revetements-interieurs-saint-leger-du-bourg-denis-76160.html]
[www.peinture-delemer.fr/styles/pages/203377/1712684021/1_containers_specific_style_1652895562_1712684021.css_; filename_=UTF-8''1_containers_specific_style_1652895562_1712684021.css]
[www.peinture-delemer.fr/revetements-interieurs-sotteville-les-rouen-76300.html]
[www.peinture-delemer.fr/styles/pages/203378/1712684021/1_containers_specific_style_1652895562_1712684021.css_; filename_=UTF-8''1_containers_specific_style_1652895562_1712684021.css]
[www.peinture-delemer.fr/revetements-interieurs-bois-guillaume-76230.html]
[www.peinture-delemer.fr/styles/pages/203379/1712684021/1_containers_specific_style_1652895562_1712684021.css_; filename_=UTF-8''1_containers_specific_style_1652895562_1712684021.css]
[www.peinture-delemer.fr/revetements-interieurs-mont-saint-aignan-76130.html]
[www.peinture-delemer.fr/styles/pages/203380/1712684021/1_containers_specific_style_1652895562_1712684021.css_; filename_=UTF-8''1_containers_specific_style_1652895562_1712684021.css]
[www.peinture-delemer.fr/revetements-interieurs-le-mesnil-esnard-76240.html]
[www.peinture-delemer.fr/styles/pages/203381/1712684021/1_containers_specific_style_1652895562_1712684021.css_; filename_=UTF-8''1_containers_specific_style_1652895562_1712684021.css]
[www.peinture-delemer.fr/isolation-bonsecours-76240.html]
[www.peinture-delemer.fr/styles/pages/203382/1712684021/1_containers_specific_style_1652895562_1712684021.css_; filename_=UTF-8''1_containers_specific_style_1652895562_1712684021.css]
[www.peinture-delemer.fr/isolation-bihorel-76420.html]
[www.peinture-delemer.fr/styles/pages/203383/1712684021/1_containers_specific_style_1652895562_1712684021.css_; filename_=UTF-8''1_containers_specific_style_1652895562_1712684021.css]
[www.peinture-delemer.fr/isolation-darnetal-76160.html]
[www.peinture-delemer.fr/styles/pages/203384/1712684021/1_containers_specific_style_1652895562_1712684021.css_; filename_=UTF-8''1_containers_specific_style_1652895562_1712684021.css]
[www.peinture-delemer.fr/isolation-saint-leger-du-bourg-denis-76160.html]
[www.peinture-delemer.fr/styles/pages/203385/1712684021/1_containers_specific_style_1652895562_1712684021.css_; filename_=UTF-8''1_containers_specific_style_1652895562_1712684021.css]
[www.peinture-delemer.fr/isolation-sotteville-les-rouen-76300.html]
[www.peinture-delemer.fr/styles/pages/203386/1712684021/1_containers_specific_style_1652895562_1712684021.css_; filename_=UTF-8''1_containers_specific_style_1652895562_1712684021.css]
[www.peinture-delemer.fr/isolation-bois-guillaume-76230.html]
[www.peinture-delemer.fr/styles/pages/203387/1712684021/1_containers_specific_style_1652895562_1712684021.css_; filename_=UTF-8''1_containers_specific_style_1652895562_1712684021.css]
[www.peinture-delemer.fr/isolation-mont-saint-aignan-76130.html]
[www.peinture-delemer.fr/styles/pages/203388/1712684021/1_containers_specific_style_1652895562_1712684021.css_; filename_=UTF-8''1_containers_specific_style_1652895562_1712684021.css]
[www.peinture-delemer.fr/isolation-le-mesnil-esnard-76240.html]
[www.peinture-delemer.fr/styles/pages/186642/1712684021/1_containers_specific_style_1652895562_1712684021.css_; filename_=UTF-8''1_containers_specific_style_1652895562_1712684021.css]
[assets.sbcdnsb.com/assets/tool/visitor/elements/manifests/review_form-ff6a3973e39d47fad98ce51d2d7da783af205e37d79a5f439e87c16009c06d29.css]
[www.peinture-delemer.fr/styles/pages/186640/1712684021/1_containers_specific_style_1652895562_1712684021.css_; filename_=UTF-8''1_containers_specific_style_1652895562_1712684021.css]
[www.peinture-delemer.fr/styles/pages/203341/1712684021/1_containers_specific_style_1652895562_1712684021.css_; filename_=UTF-8''1_containers_specific_style_1652895562_1712684021.css]
[www.peinture-delemer.fr/styles/pages/203342/1712684021/1_containers_specific_style_1652895562_1712684021.css_; filename_=UTF-8''1_containers_specific_style_1652895562_1712684021.css]
[www.peinture-delemer.fr/styles/pages/203343/1712684021/1_containers_specific_style_1652895562_1712684021.css_; filename_=UTF-8''1_containers_specific_style_1652895562_1712684021.css]
[www.peinture-delemer.fr/styles/pages/203344/1712684021/1_containers_specific_style_1652895562_1712684021.css_; filename_=UTF-8''1_containers_specific_style_1652895562_1712684021.css]
[www.peinture-delemer.fr/styles/pages/203345/1712684021/1_containers_specific_style_1652895562_1712684021.css_; filename_=UTF-8''1_containers_specific_style_1652895562_1712684021.css]
[www.peinture-delemer.fr/styles/pages/203346/1712684021/1_containers_specific_style_1652895562_1712684021.css_; filename_=UTF-8''1_containers_specific_style_1652895562_1712684021.css]
[www.peinture-delemer.fr/styles/pages/203347/1712684021/1_containers_specific_style_1652895562_1712684021.css_; filename_=UTF-8''1_containers_specific_style_1652895562_1712684021.css]
[www.peinture-delemer.fr/styles/pages/203348/1712684021/1_containers_specific_style_1652895562_1712684021.css_; filename_=UTF-8''1_containers_specific_style_1652895562_1712684021.css]
[www.peinture-delemer.fr/styles/pages/203349/1712684021/1_containers_specific_style_1652895562_1712684021.css_; filename_=UTF-8''1_containers_specific_style_1652895562_1712684021.css]
[www.peinture-delemer.fr/styles/pages/203350/1712684021/1_containers_specific_style_1652895562_1712684021.css_; filename_=UTF-8''1_containers_specific_style_1652895562_1712684021.css]
[www.peinture-delemer.fr/styles/pages/203351/1712684021/1_containers_specific_style_1652895562_1712684021.css_; filename_=UTF-8''1_containers_specific_style_1652895562_1712684021.css]
[www.peinture-delemer.fr/styles/pages/203352/1712684021/1_containers_specific_style_1652895562_1712684021.css_; filename_=UTF-8''1_containers_specific_style_1652895562_1712684021.css]
[www.peinture-delemer.fr/styles/pages/203353/1712684021/1_containers_specific_style_1652895562_1712684021.css_; filename_=UTF-8''1_containers_specific_style_1652895562_1712684021.css]
[www.peinture-delemer.fr/styles/pages/203354/1712684021/1_containers_specific_style_1652895562_1712684021.css_; filename_=UTF-8''1_containers_specific_style_1652895562_1712684021.css]
[www.peinture-delemer.fr/styles/pages/203355/1712684021/1_containers_specific_style_1652895562_1712684021.css_; filename_=UTF-8''1_containers_specific_style_1652895562_1712684021.css]
[www.peinture-delemer.fr/styles/pages/203356/1712684021/1_containers_specific_style_1652895562_1712684021.css_; filename_=UTF-8''1_containers_specific_style_1652895562_1712684021.css]
[www.peinture-delemer.fr/styles/pages/203357/1712684021/1_containers_specific_style_1652895562_1712684021.css_; filename_=UTF-8''1_containers_specific_style_1652895562_1712684021.css]
[www.peinture-delemer.fr/styles/pages/203358/1712684021/1_containers_specific_style_1652895562_1712684021.css_; filename_=UTF-8''1_containers_specific_style_1652895562_1712684021.css]
[www.peinture-delemer.fr/styles/pages/203359/1712684021/1_containers_specific_style_1652895562_1712684021.css_; filename_=UTF-8''1_containers_specific_style_1652895562_1712684021.css]
[www.peinture-delemer.fr/styles/pages/203360/1712684021/1_containers_specific_style_1652895562_1712684021.css_; filename_=UTF-8''1_containers_specific_style_1652895562_1712684021.css]
[www.peinture-delemer.fr/styles/pages/203361/1712684021/1_containers_specific_style_1652895562_1712684021.css_; filename_=UTF-8''1_containers_specific_style_1652895562_1712684021.css]
[www.peinture-delemer.fr/styles/pages/203362/1712684021/1_containers_specific_style_1652895562_1712684021.css_; filename_=UTF-8''1_containers_specific_style_1652895562_1712684021.css]
[www.peinture-delemer.fr/styles/pages/203363/1712684021/1_containers_specific_style_1652895562_1712684021.css_; filename_=UTF-8''1_containers_specific_style_1652895562_1712684021.css]
[www.peinture-delemer.fr/styles/pages/203364/1712684021/1_containers_specific_style_1652895562_1712684021.css_; filename_=UTF-8''1_containers_specific_style_1652895562_1712684021.css]
[www.peinture-delemer.fr/styles/pages/203365/1712684021/1_containers_specific_style_1652895562_1712684021.css_; filename_=UTF-8''1_containers_specific_style_1652895562_1712684021.css]
[www.peinture-delemer.fr/styles/pages/203366/1712684021/1_containers_specific_style_1652895562_1712684021.css_; filename_=UTF-8''1_containers_specific_style_1652895562_1712684021.css]
[www.peinture-delemer.fr/styles/pages/203367/1712684021/1_containers_specific_style_1652895562_1712684021.css_; filename_=UTF-8''1_containers_specific_style_1652895562_1712684021.css]
[www.peinture-delemer.fr/styles/pages/203368/1712684021/1_containers_specific_style_1652895562_1712684021.css_; filename_=UTF-8''1_containers_specific_style_1652895562_1712684021.css]
[www.peinture-delemer.fr/styles/pages/203369/1712684021/1_containers_specific_style_1652895562_1712684021.css_; filename_=UTF-8''1_containers_specific_style_1652895562_1712684021.css]
[www.peinture-delemer.fr/styles/pages/203370/1712684021/1_containers_specific_style_1652895562_1712684021.css_; filename_=UTF-8''1_containers_specific_style_1652895562_1712684021.css]
[www.peinture-delemer.fr/styles/pages/203371/1712684021/1_containers_specific_style_1652895562_1712684021.css_; filename_=UTF-8''1_containers_specific_style_1652895562_1712684021.css]
[www.peinture-delemer.fr/styles/pages/203372/1712684021/1_containers_specific_style_1652895562_1712684021.css_; filename_=UTF-8''1_containers_specific_style_1652895562_1712684021.css]
[www.peinture-delemer.fr/styles/pages/203373/1712684021/1_containers_specific_style_1652895562_1712684021.css_; filename_=UTF-8''1_containers_specific_style_1652895562_1712684021.css]
[www.peinture-delemer.fr/styles/pages/203374/1712684021/1_containers_specific_style_1652895562_1712684021.css_; filename_=UTF-8''1_containers_specific_style_1652895562_1712684021.css]
[www.peinture-delemer.fr/styles/pages/203375/1712684021/1_containers_specific_style_1652895562_1712684021.css_; filename_=UTF-8''1_containers_specific_style_1652895562_1712684021.css]
[www.peinture-delemer.fr/styles/pages/203376/1712684021/1_containers_specific_style_1652895562_1712684021.css_; filename_=UTF-8''1_containers_specific_style_1652895562_1712684021.css]
[www.peinture-delemer.fr/styles/pages/203377/1712684021/1_containers_specific_style_1652895562_1712684021.css_; filename_=UTF-8''1_containers_specific_style_1652895562_1712684021.css]
[www.peinture-delemer.fr/styles/pages/203378/1712684021/1_containers_specific_style_1652895562_1712684021.css_; filename_=UTF-8''1_containers_specific_style_1652895562_1712684021.css]
[www.peinture-delemer.fr/styles/pages/203379/1712684021/1_containers_specific_style_1652895562_1712684021.css_; filename_=UTF-8''1_containers_specific_style_1652895562_1712684021.css]
[www.peinture-delemer.fr/styles/pages/203380/1712684021/1_containers_specific_style_1652895562_1712684021.css_; filename_=UTF-8''1_containers_specific_style_1652895562_1712684021.css]
[www.peinture-delemer.fr/styles/pages/203381/1712684021/1_containers_specific_style_1652895562_1712684021.css_; filename_=UTF-8''1_containers_specific_style_1652895562_1712684021.css]
[www.peinture-delemer.fr/styles/pages/203382/1712684021/1_containers_specific_style_1652895562_1712684021.css_; filename_=UTF-8''1_containers_specific_style_1652895562_1712684021.css]
[www.peinture-delemer.fr/styles/pages/203383/1712684021/1_containers_specific_style_1652895562_1712684021.css_; filename_=UTF-8''1_containers_specific_style_1652895562_1712684021.css]
[www.peinture-delemer.fr/styles/pages/203384/1712684021/1_containers_specific_style_1652895562_1712684021.css_; filename_=UTF-8''1_containers_specific_style_1652895562_1712684021.css]
[www.peinture-delemer.fr/styles/pages/203385/1712684021/1_containers_specific_style_1652895562_1712684021.css_; filename_=UTF-8''1_containers_specific_style_1652895562_1712684021.css]
[www.peinture-delemer.fr/styles/pages/203386/1712684021/1_containers_specific_style_1652895562_1712684021.css_; filename_=UTF-8''1_containers_specific_style_1652895562_1712684021.css]
[www.peinture-delemer.fr/styles/pages/203387/1712684021/1_containers_specific_style_1652895562_1712684021.css_; filename_=UTF-8''1_containers_specific_style_1652895562_1712684021.css]
[www.peinture-delemer.fr/styles/pages/203388/1712684021/1_containers_specific_style_1652895562_1712684021.css_; filename_=UTF-8''1_containers_specific_style_1652895562_1712684021.css]
